2025-10-11 20:38:01.644528 (152446) main____ INFO    ----------------------------------------
2025-10-11 20:38:01.644611 (152446) main____ INFO    JasperGold version info
2025-10-11 20:38:01.644617 (152446) main____ INFO      tool      : JasperGold 2018.03
2025-10-11 20:38:01.644623 (152446) main____ INFO      version   : 2018.03p001 64 bits
2025-10-11 20:38:01.644626 (152446) main____ INFO      build date: 2018.04.24 18:13:05 PDT
2025-10-11 20:38:01.644629 (152446) main____ INFO    ----------------------------------------
2025-10-11 20:38:01.644632 (152446) main____ INFO    Runtime info:
2025-10-11 20:38:01.644635 (152446) main____ INFO      platform  : Linux 3.10.0-1160.el7.x86_64 x86_64
2025-10-11 20:38:01.644640 (152446) main____ INFO      hostname  : superdome2
2025-10-11 20:38:01.644643 (152446) main____ INFO      pid       : 152446
2025-10-11 20:38:01.644646 (152446) main____ INFO      arguments : '-style' 'windows' '../script/jg_slave.tcl'
2025-10-11 20:38:01.644649 (152446) main____ INFO    ----------------------------------------
2025-10-11 20:38:01.644652 (152446) main____ INFO    System resource limits info:
2025-10-11 20:38:01.644655 (152446) main____ INFO      virtual memory: unlimited
2025-10-11 20:38:01.644658 (152446) main____ INFO      cpu time      : unlimited
2025-10-11 20:38:01.644665 (152446) main____ INFO      stack size    : 8388608 B
2025-10-11 20:38:01.644670 (152446) main____ INFO      core file size: 0 B
2025-10-11 20:38:01.644676 (152446) main____ INFO      open files    : 1024
2025-10-11 20:38:01.644679 (152446) main____ INFO      file size     : unlimited
2025-10-11 20:38:01.644681 (152446) main____ INFO    ----------------------------------------
2025-10-11 20:38:01.644684 (152446) main____ INFO    Memory statistics:
2025-10-11 20:38:01.644687 (152446) main____ INFO      total physical memory  : 1056384260 kB
2025-10-11 20:38:01.644689 (152446) main____ INFO      free physical memory   : 883383036 kB
2025-10-11 20:38:01.644692 (152446) main____ INFO      committed address space: 39530432 kB
2025-10-11 20:38:01.644694 (152446) main____ INFO    ----------------------------------------
2025-10-11 20:38:01.644716 (152446) main____ INFO    Important environment variables:
2025-10-11 20:38:01.644723 (152446) main____ INFO      DISPLAY        : 'localhost:29.0'
2025-10-11 20:38:01.644729 (152446) main____ INFO      LM_LICENSE_FILE: '5280@vlsicad8:1717@lstn:1717@lstc:1717@lshc:5280@lstn:5280@lstc:5280@lshc:26585@lstn:26585@lstc:26585@lshc:'
2025-10-11 20:38:01.644732 (152446) main____ INFO    ----------------------------------------
2025-10-11 20:38:01.645905 (152446) lic_core INFO    Initializing license system ...
2025-10-11 20:38:01.647123 (152446) lic_core INFO    ... license system initialized.
2025-10-11 20:38:01.648058 (152446) lic__man INFO    Claim 'main' for <ui>.
2025-10-11 20:38:01.648090 (152446) lic_core INFO    (1) checking out 'jasper_interactive' ...
2025-10-11 20:38:01.747515 (152446) lic_core INFO    ... (1) checkout succeeded
2025-10-11 20:38:01.747565 (152446) lic__man INFO    Claim 'fpv' for <ui>.
2025-10-11 20:38:01.747581 (152446) lic_core INFO    (2) checking out 'jasper_fpv' ...
2025-10-11 20:38:01.899779 (152446) lic_core INFO    ... (2) checkout failed (error: -5) ("FLEXnet ERROR(-5, 0, 0): No such feature exists.")
2025-10-11 20:38:01.899809 (152446) lic_core INFO    (3) checking out 'jasper_fao' ...
2025-10-11 20:38:01.992905 (152446) lic_core INFO    ... (3) checkout succeeded
2025-10-11 20:38:02.565057 (152446) lic__man INFO    Claim 'fpv' for <ui>.
2025-10-11 20:38:02.724736 (152446) lic__man INFO    Unclaim 'fpv' for <ui>.
2025-10-11 20:38:02.724766 (152446) lic__man INFO    Claim 'fpv' for <ui>.
2025-10-11 20:38:02.730541 (152446) session_ INFO    Starting analysis session with session id 'session_0' ...
2025-10-11 20:38:02.732040 (152446) session_ INFO    Analysis session with session id 'session_0' started (pid: 152478)
2025-10-11 20:38:04.648276 (152446) session_ INFO    Analysis session 'session_0' connected to the console (host: 192.168.200.12:51608)
2025-10-11 20:38:05.584320 (152446) lic__man INFO    Unclaim everything for 'session_0'.
2025-10-11 20:38:05.790435 (152446) lic__man INFO    Claim 'fpv' for 'session_0/prove-0'.
2025-10-11 20:38:07.413876 (152446) lic__man INFO    Unclaim everything for 'session_0/prove-0'.
2025-10-11 20:39:17.460234 (152446) main____ INFO    About to exit: requested from GUI
2025-10-11 20:39:17.578033 (152446) main____ INFO    Exiting with status 0.
