2025-10-11 20:35:31.822743 (142245) main____ INFO    ----------------------------------------
2025-10-11 20:35:31.822820 (142245) main____ INFO    JasperGold version info
2025-10-11 20:35:31.822827 (142245) main____ INFO      tool      : JasperGold 2018.03
2025-10-11 20:35:31.822832 (142245) main____ INFO      version   : 2018.03p001 64 bits
2025-10-11 20:35:31.822836 (142245) main____ INFO      build date: 2018.04.24 18:13:05 PDT
2025-10-11 20:35:31.822839 (142245) main____ INFO    ----------------------------------------
2025-10-11 20:35:31.822842 (142245) main____ INFO    Runtime info:
2025-10-11 20:35:31.822845 (142245) main____ INFO      platform  : Linux 3.10.0-1160.el7.x86_64 x86_64
2025-10-11 20:35:31.822850 (142245) main____ INFO      hostname  : superdome2
2025-10-11 20:35:31.822853 (142245) main____ INFO      pid       : 142245
2025-10-11 20:35:31.822856 (142245) main____ INFO      arguments : '-style' 'windows' '../script/jg_slave.tcl'
2025-10-11 20:35:31.822858 (142245) main____ INFO    ----------------------------------------
2025-10-11 20:35:31.822861 (142245) main____ INFO    System resource limits info:
2025-10-11 20:35:31.822865 (142245) main____ INFO      virtual memory: unlimited
2025-10-11 20:35:31.822868 (142245) main____ INFO      cpu time      : unlimited
2025-10-11 20:35:31.822875 (142245) main____ INFO      stack size    : 8388608 B
2025-10-11 20:35:31.822881 (142245) main____ INFO      core file size: 0 B
2025-10-11 20:35:31.822886 (142245) main____ INFO      open files    : 1024
2025-10-11 20:35:31.822889 (142245) main____ INFO      file size     : unlimited
2025-10-11 20:35:31.822892 (142245) main____ INFO    ----------------------------------------
2025-10-11 20:35:31.822894 (142245) main____ INFO    Memory statistics:
2025-10-11 20:35:31.822897 (142245) main____ INFO      total physical memory  : 1056384260 kB
2025-10-11 20:35:31.822900 (142245) main____ INFO      free physical memory   : 884078956 kB
2025-10-11 20:35:31.822902 (142245) main____ INFO      committed address space: 38552688 kB
2025-10-11 20:35:31.822905 (142245) main____ INFO    ----------------------------------------
2025-10-11 20:35:31.822926 (142245) main____ INFO    Important environment variables:
2025-10-11 20:35:31.822932 (142245) main____ INFO      DISPLAY        : 'localhost:29.0'
2025-10-11 20:35:31.822939 (142245) main____ INFO      LM_LICENSE_FILE: '5280@vlsicad8:1717@lstn:1717@lstc:1717@lshc:5280@lstn:5280@lstc:5280@lshc:26585@lstn:26585@lstc:26585@lshc:'
2025-10-11 20:35:31.822942 (142245) main____ INFO    ----------------------------------------
2025-10-11 20:35:31.823875 (142245) lic_core INFO    Initializing license system ...
2025-10-11 20:35:31.825043 (142245) lic_core INFO    ... license system initialized.
2025-10-11 20:35:31.825934 (142245) lic__man INFO    Claim 'main' for <ui>.
2025-10-11 20:35:31.825966 (142245) lic_core INFO    (1) checking out 'jasper_interactive' ...
2025-10-11 20:35:31.924408 (142245) lic_core INFO    ... (1) checkout succeeded
2025-10-11 20:35:31.924476 (142245) lic__man INFO    Claim 'fpv' for <ui>.
2025-10-11 20:35:31.924497 (142245) lic_core INFO    (2) checking out 'jasper_fpv' ...
2025-10-11 20:35:32.074304 (142245) lic_core INFO    ... (2) checkout failed (error: -5) ("FLEXnet ERROR(-5, 0, 0): No such feature exists.")
2025-10-11 20:35:32.074334 (142245) lic_core INFO    (3) checking out 'jasper_fao' ...
2025-10-11 20:35:32.175423 (142245) lic_core INFO    ... (3) checkout succeeded
2025-10-11 20:35:32.729853 (142245) lic__man INFO    Claim 'fpv' for <ui>.
2025-10-11 20:35:32.887635 (142245) lic__man INFO    Unclaim 'fpv' for <ui>.
2025-10-11 20:35:32.887672 (142245) lic__man INFO    Claim 'fpv' for <ui>.
2025-10-11 20:35:32.894110 (142245) session_ INFO    Starting analysis session with session id 'session_0' ...
2025-10-11 20:35:32.895758 (142245) session_ INFO    Analysis session with session id 'session_0' started (pid: 142357)
2025-10-11 20:35:34.795839 (142245) session_ INFO    Analysis session 'session_0' connected to the console (host: 192.168.200.12:55126)
2025-10-11 20:35:35.736412 (142245) lic__man INFO    Unclaim everything for 'session_0'.
2025-10-11 20:35:35.935360 (142245) lic__man INFO    Claim 'fpv' for 'session_0/prove-0'.
2025-10-11 20:35:36.437222 (142245) lic__man INFO    Unclaim everything for 'session_0/prove-0'.
2025-10-11 20:35:57.276510 (142245) main____ INFO    About to exit: requested from GUI
2025-10-11 20:35:57.395239 (142245) main____ INFO    Exiting with status 0.
