2025-10-13 09:49:39.640919 (141591) main____ INFO    ----------------------------------------
2025-10-13 09:49:39.641002 (141591) main____ INFO    JasperGold version info
2025-10-13 09:49:39.641009 (141591) main____ INFO      tool      : JasperGold 2018.03
2025-10-13 09:49:39.641014 (141591) main____ INFO      version   : 2018.03p001 64 bits
2025-10-13 09:49:39.641018 (141591) main____ INFO      build date: 2018.04.24 18:13:05 PDT
2025-10-13 09:49:39.641021 (141591) main____ INFO    ----------------------------------------
2025-10-13 09:49:39.641024 (141591) main____ INFO    Runtime info:
2025-10-13 09:49:39.641027 (141591) main____ INFO      platform  : Linux 3.10.0-1160.el7.x86_64 x86_64
2025-10-13 09:49:39.641032 (141591) main____ INFO      hostname  : superdome2
2025-10-13 09:49:39.641035 (141591) main____ INFO      pid       : 141591
2025-10-13 09:49:39.641038 (141591) main____ INFO      arguments : '-style' 'windows' '../script/jg_slave.tcl'
2025-10-13 09:49:39.641041 (141591) main____ INFO    ----------------------------------------
2025-10-13 09:49:39.641043 (141591) main____ INFO    System resource limits info:
2025-10-13 09:49:39.641046 (141591) main____ INFO      virtual memory: unlimited
2025-10-13 09:49:39.641049 (141591) main____ INFO      cpu time      : unlimited
2025-10-13 09:49:39.641056 (141591) main____ INFO      stack size    : 8388608 B
2025-10-13 09:49:39.641061 (141591) main____ INFO      core file size: 0 B
2025-10-13 09:49:39.641067 (141591) main____ INFO      open files    : 1024
2025-10-13 09:49:39.641070 (141591) main____ INFO      file size     : unlimited
2025-10-13 09:49:39.641072 (141591) main____ INFO    ----------------------------------------
2025-10-13 09:49:39.641075 (141591) main____ INFO    Memory statistics:
2025-10-13 09:49:39.641078 (141591) main____ INFO      total physical memory  : 1056384260 kB
2025-10-13 09:49:39.641080 (141591) main____ INFO      free physical memory   : 867653252 kB
2025-10-13 09:49:39.641083 (141591) main____ INFO      committed address space: 40212604 kB
2025-10-13 09:49:39.641085 (141591) main____ INFO    ----------------------------------------
2025-10-13 09:49:39.641108 (141591) main____ INFO    Important environment variables:
2025-10-13 09:49:39.641114 (141591) main____ INFO      DISPLAY        : 'localhost:24.0'
2025-10-13 09:49:39.641120 (141591) main____ INFO      LM_LICENSE_FILE: '5280@vlsicad8:1717@lstn:1717@lstc:1717@lshc:5280@lstn:5280@lstc:5280@lshc:26585@lstn:26585@lstc:26585@lshc:'
2025-10-13 09:49:39.641123 (141591) main____ INFO    ----------------------------------------
2025-10-13 09:49:39.642244 (141591) lic_core INFO    Initializing license system ...
2025-10-13 09:49:39.643481 (141591) lic_core INFO    ... license system initialized.
2025-10-13 09:49:39.644411 (141591) lic__man INFO    Claim 'main' for <ui>.
2025-10-13 09:49:39.644444 (141591) lic_core INFO    (1) checking out 'jasper_interactive' ...
2025-10-13 09:49:39.742495 (141591) lic_core INFO    ... (1) checkout succeeded
2025-10-13 09:49:39.742544 (141591) lic__man INFO    Claim 'fpv' for <ui>.
2025-10-13 09:49:39.742558 (141591) lic_core INFO    (2) checking out 'jasper_fpv' ...
2025-10-13 09:49:39.900952 (141591) lic_core INFO    ... (2) checkout failed (error: -5) ("FLEXnet ERROR(-5, 0, 0): No such feature exists.")
2025-10-13 09:49:39.901005 (141591) lic_core INFO    (3) checking out 'jasper_fao' ...
2025-10-13 09:49:39.990334 (141591) lic_core INFO    ... (3) checkout succeeded
2025-10-13 09:49:40.548372 (141591) lic__man INFO    Claim 'fpv' for <ui>.
2025-10-13 09:49:40.705980 (141591) lic__man INFO    Unclaim 'fpv' for <ui>.
2025-10-13 09:49:40.706014 (141591) lic__man INFO    Claim 'fpv' for <ui>.
2025-10-13 09:49:40.712315 (141591) session_ INFO    Starting analysis session with session id 'session_0' ...
2025-10-13 09:49:40.713828 (141591) session_ INFO    Analysis session with session id 'session_0' started (pid: 141607)
2025-10-13 09:49:42.730762 (141591) session_ INFO    Analysis session 'session_0' connected to the console (host: 192.168.200.12:33616)
2025-10-13 09:49:43.677396 (141591) lic__man INFO    Unclaim everything for 'session_0'.
2025-10-13 09:49:43.887036 (141591) lic__man INFO    Claim 'fpv' for 'session_0/prove-0'.
2025-10-13 09:49:44.138816 (141591) lic__man INFO    Unclaim everything for 'session_0/prove-0'.
