#######################################################################################
# log primitive debug message of FSDB dumping                                         #
# This is for R&D to analyze when there are issues happening when FSDB dump           #
#######################################################################################
ANF: vcsd_get_serial_mode_status('simv: undefined symbol: vcsd_get_serial_mode_status')
ANF: vcsd_enable_sva_success_callback('simv: undefined symbol: vcsd_enable_sva_success_callback')
ANF: vcsd_disable_sva_success_callback('simv: undefined symbol: vcsd_disable_sva_success_callback')
ANF: vcsd_get_power_scope_name('simv: undefined symbol: vcsd_get_power_scope_name')
ANF: vcsd_dump_var_vpdg('simv: undefined symbol: vcsd_dump_var_vpdg')
ANF: vcsd_begin_no_value_var_info('simv: undefined symbol: vcsd_begin_no_value_var_info')
ANF: vcsd_end_no_value_var_info('simv: undefined symbol: vcsd_end_no_value_var_info')
ANF: vcsd_remove_xprop_merge_mode_callback('simv: undefined symbol: vcsd_remove_xprop_merge_mode_callback')
ANF: vhpi_get_cb_info('simv: undefined symbol: vhpi_get_cb_info')
ANF: vhpi_free_handle('simv: undefined symbol: vhpi_free_handle')
ANF: vhpi_fetch_vcsd_handle('simv: undefined symbol: vhpi_fetch_vcsd_handle')
ANF: vhpi_fetch_vpi_handle('simv: undefined symbol: vhpi_fetch_vpi_handle')
ANF: vhpi_has_verilog_parent('simv: undefined symbol: vhpi_has_verilog_parent')
ANF: vhpi_is_verilog_scope('simv: undefined symbol: vhpi_is_verilog_scope')
ANF: scsd_xprop_is_enabled('simv: undefined symbol: scsd_xprop_is_enabled')
ANF: scsd_xprop_sig_is_promoted('simv: undefined symbol: scsd_xprop_sig_is_promoted')
ANF: scsd_xprop_int_xvalue('simv: undefined symbol: scsd_xprop_int_xvalue')
ANF: scsd_xprop_bool_xvalue('simv: undefined symbol: scsd_xprop_bool_xvalue')
ANF: scsd_xprop_enum_xvalue('simv: undefined symbol: scsd_xprop_enum_xvalue')
ANF: scsd_xprop_register_merge_mode_cb('simv: undefined symbol: scsd_xprop_register_merge_mode_cb')
ANF: scsd_xprop_delete_merge_mode_cb('simv: undefined symbol: scsd_xprop_delete_merge_mode_cb')
ANF: scsd_xprop_get_merge_mode('simv: undefined symbol: scsd_xprop_get_merge_mode')
ANF: scsd_thread_get_info('simv: undefined symbol: scsd_thread_get_info')
ANF: scsd_thread_vc_init('simv: undefined symbol: scsd_thread_vc_init')
ANF: scsd_master_set_delta_sync_cbk('simv: undefined symbol: scsd_master_set_delta_sync_cbk')
ANF: scsd_fgp_get_fsdb_cores('simv: undefined symbol: scsd_fgp_get_fsdb_cores')
ANF: scsd_fgp_get_is_cpu_affinity_disabled('simv: undefined symbol: scsd_fgp_get_is_cpu_affinity_disabled')
ANF: vdi_dt_get_vlog_variant_size_array_info('simv: undefined symbol: vdi_dt_get_vlog_variant_size_array_info')
ANF: vhdi_dt_get_type('simv: undefined symbol: vhdi_dt_get_type')
ANF: vhdi_dt_get_key('simv: undefined symbol: vhdi_dt_get_key')
ANF: vhdi_dt_get_vhdl_enum_info('simv: undefined symbol: vhdi_dt_get_vhdl_enum_info')
ANF: vhdi_dt_get_vhdl_physical_info('simv: undefined symbol: vhdi_dt_get_vhdl_physical_info')
ANF: vhdi_dt_get_vhdl_array_info('simv: undefined symbol: vhdi_dt_get_vhdl_array_info')
ANF: vhdi_dt_get_vhdl_record_info('simv: undefined symbol: vhdi_dt_get_vhdl_record_info')
ANF: vhdi_dt_get_vhdl_integer_range_info('simv: undefined symbol: vhdi_dt_get_vhdl_integer_range_info')
ANF: vhdi_def_traverse_module('simv: undefined symbol: vhdi_def_traverse_module')
ANF: vhdi_def_traverse_scope('simv: undefined symbol: vhdi_def_traverse_scope')
ANF: vhdi_def_traverse_variable('simv: undefined symbol: vhdi_def_traverse_variable')
ANF: vhdi_def_get_module_id_by_vhpi('simv: undefined symbol: vhdi_def_get_module_id_by_vhpi')
ANF: vhdi_def_get_handle_by_module_id('simv: undefined symbol: vhdi_def_get_handle_by_module_id')
ANF: vhdi_def_get_variable_info_by_vhpi('simv: undefined symbol: vhdi_def_get_variable_info_by_vhpi')
ANF: vhdi_def_free('simv: undefined symbol: vhdi_def_free')
ANF: vhdi_ist_traverse_scope('simv: undefined symbol: vhdi_ist_traverse_scope')
ANF: vhdi_ist_traverse_variable('simv: undefined symbol: vhdi_ist_traverse_variable')
ANF: vhdi_ist_convert_by_vhpi('simv: undefined symbol: vhdi_ist_convert_by_vhpi')
ANF: vhdi_ist_clone('simv: undefined symbol: vhdi_ist_clone')
ANF: vhdi_ist_free('simv: undefined symbol: vhdi_ist_free')
ANF: vhdi_ist_hash_key('simv: undefined symbol: vhdi_ist_hash_key')
ANF: vhdi_ist_compare('simv: undefined symbol: vhdi_ist_compare')
ANF: vhdi_ist_get_value_addr('simv: undefined symbol: vhdi_ist_get_value_addr')
ANF: vhdi_set_scsd_callback('simv: undefined symbol: vhdi_set_scsd_callback')
ANF: vhdi_cbk_set_force_callback('simv: undefined symbol: vhdi_cbk_set_force_callback')
ANF: vhdi_trigger_init_force('simv: undefined symbol: vhdi_trigger_init_force')
ANF: vhdi_ist_check_scsd_callback('simv: undefined symbol: vhdi_ist_check_scsd_callback')
ANF: vhdi_ist_add_scsd_callback('simv: undefined symbol: vhdi_ist_add_scsd_callback')
ANF: vhdi_ist_remove_scsd_callback('simv: undefined symbol: vhdi_ist_remove_scsd_callback')
ANF: vhdi_ist_get_scsd_user_data('simv: undefined symbol: vhdi_ist_get_scsd_user_data')
ANF: vhdi_add_time_change_callback('simv: undefined symbol: vhdi_add_time_change_callback')
ANF: vhdi_get_real_value_by_value_addr('simv: undefined symbol: vhdi_get_real_value_by_value_addr')
ANF: vhdi_get_64_value_by_value_addr('simv: undefined symbol: vhdi_get_64_value_by_value_addr')
ANF: vhdi_xprop_inst_is_promoted('simv: undefined symbol: vhdi_xprop_inst_is_promoted')
ANF: vdi_ist_convert_by_vhdi('simv: undefined symbol: vdi_ist_convert_by_vhdi')
ANF: vhdi_ist_get_module_id('simv: undefined symbol: vhdi_ist_get_module_id')
ANF: vhdi_refine_foreign_scope_type('simv: undefined symbol: vhdi_refine_foreign_scope_type')
ANF: vhdi_flush_callback('simv: undefined symbol: vhdi_flush_callback')
ANF: vhdi_set_orig_name('simv: undefined symbol: vhdi_set_orig_name')
ANF: vhdi_set_dump_pt('simv: undefined symbol: vhdi_set_dump_pt')
ANF: vhdi_set_int_subtype('simv: undefined symbol: vhdi_set_int_subtype')
ANF: vhdi_set_fixed_point('simv: undefined symbol: vhdi_set_fixed_point')
ANF: vhdi_get_fsdb_option('simv: undefined symbol: vhdi_get_fsdb_option')
ANF: vhdi_fgp_get_mode('simv: undefined symbol: vhdi_fgp_get_mode')
ANF: vhdi_node_register_composite_var('simv: undefined symbol: vhdi_node_register_composite_var')
ANF: vhdi_node_analysis('simv: undefined symbol: vhdi_node_analysis')
ANF: vhdi_node_id('simv: undefined symbol: vhdi_node_id')
ANF: vhdi_node_ist_check_scsd_callback('simv: undefined symbol: vhdi_node_ist_check_scsd_callback')
ANF: vhdi_node_ist_add_scsd_callback('simv: undefined symbol: vhdi_node_ist_add_scsd_callback')
ANF: vhdi_node_ist_get_value_addr('simv: undefined symbol: vhdi_node_ist_get_value_addr')
ANF: vhdi_enc_def_traverse_module('simv: undefined symbol: vhdi_enc_def_traverse_module')
ANF: vhdi_enc_def_traverse_scope('simv: undefined symbol: vhdi_enc_def_traverse_scope')
ANF: vhdi_enc_def_traverse_variable('simv: undefined symbol: vhdi_enc_def_traverse_variable')
ANF: vhdi_enc_ist_traverse_scope('simv: undefined symbol: vhdi_enc_ist_traverse_scope')
ANF: vhdi_enc_ist_traverse_variable('simv: undefined symbol: vhdi_enc_ist_traverse_variable')
ANF: vhdi_enc_ist_get_module_id('simv: undefined symbol: vhdi_enc_ist_get_module_id')
ANF: vhdi_enc_def_get_handle_by_module_id('simv: undefined symbol: vhdi_enc_def_get_handle_by_module_id')
VCS compile option:
 option[0]: simv
 option[1]: +define+prog1+FSDB_ALL
 option[2]: +prog_path=/home/user1/avsd25/avsd2541/AVSD_Homework/Homework1/N26132047/./sim/prog1
 option[3]: +notimingcheck
 option[4]: /usr/cad/synopsys/vcs/cur/linux64/bin/vcs1
 option[5]: -Mcc=gcc
 option[6]: -Mcplusplus=g++
 option[7]: -Masflags=
 option[8]: -Mcfl= -pipe -fPIC -O -I/usr/cad/synopsys/vcs/cur/include 
 option[9]: -Mxllcflags=
 option[10]: -Mxcflags= -pipe -fPIC -I/usr/cad/synopsys/vcs/cur/include
 option[11]: -Mldflags= -rdynamic 
 option[12]: -Mout=simv
 option[13]: -Mamsrun=
 option[14]: -Mvcsaceobjs=
 option[15]: -Mobjects= /usr/cad/synopsys/vcs/cur/linux64/lib/libvirsim.so /usr/cad/synopsys/vcs/cur/linux64/lib/liberrorinf.so /usr/cad/synopsys/vcs/cur/linux64/lib/libsnpsmalloc.so /usr/cad/synopsys/vcs/cur/linux64/lib/libvfs.so 
 option[16]: -Mexternalobj=
 option[17]: -Msaverestoreobj=/usr/cad/synopsys/vcs/cur/linux64/lib/vcs_save_restore_new.o
 option[18]: -Mcrt0=
 option[19]: -Mcrtn=
 option[20]: -Mcsrc=
 option[21]: -Msyslibs=/usr/cad/synopsys/verdi/cur/share/PLI/VCS/LINUX64/pli.a -ldl 
 option[22]: -Xvcs_run_simv=1
 option[23]: -debug_access+all
 option[24]: +vpi
 option[25]: +vcsd1
 option[26]: +itf+/usr/cad/synopsys/vcs/cur/linux64/lib/vcsdp_lite.tab
 option[27]: -full64
 option[28]: +define+prog1+FSDB_ALL
 option[29]: +prog_path=/home/user1/avsd25/avsd2541/AVSD_Homework/Homework1/N26132047/./sim/prog1
 option[30]: +notimingcheck
 option[31]: -picarchive
 option[32]: -P
 option[33]: /usr/cad/synopsys/verdi/cur/share/PLI/VCS/LINUX64/verdi.tab
 option[34]: -fsdb
 option[35]: -sverilog
 option[36]: -gen_obj
 option[37]: /home/user1/avsd25/avsd2541/AVSD_Homework/Homework1/N26132047/./sim/top_tb.sv
 option[38]: +incdir+/home/user1/avsd25/avsd2541/AVSD_Homework/Homework1/N26132047/./src+/home/user1/avsd25/avsd2541/AVSD_Homework/Homework1/N26132047/./src/AXI+/home/user1/avsd25/avsd2541/AVSD_Homework/Homework1/N26132047/./include+/home/user1/avsd25/avsd2541/AVSD_Homework/Homework1/N26132047/./sim
 option[39]: -load
 option[40]: /usr/cad/synopsys/verdi/cur/share/PLI/VCS/LINUX64/libnovas.so:FSDBDumpCmd
Chronologic Simulation VCS Release V-2023.12_Full64
Linux 3.10.0-1160.el7.x86_64 #1 SMP Tue Aug 18 14:50:17 EDT 2020 x86_64
CPU cores: 192
Limit information:
======================================
cputime		unlimited
filesize		unlimited
datasize		unlimited
stacksize		unlimited
coredumpsize		0 kbytes
memoryuse		unlimited
vmemoryuse		unlimited
descriptors		4096
memorylocked		64 kbytes
maxproc		4096
======================================
(Special)Runtime environment variables:

Runtime environment variables:
REMOTEHOST=pcroom.ee.ncku.edu.tw
MANPATH=/usr/cad/synopsys/lc/2021.06-sp1//doc/lc/man:/usr/cad/synopsys/synthesis/cur/doc/syn/man:/usr/cad/synopsys/star-rcxt/2023.12-sp2//starrc/man
SYNOPSYS_LC_ROOT=/usr/cad/synopsys/lc/cur/bin
SNPS_VCS_INTERNAL_MAKE_OPT=
TMIARCH=RH_64
XDG_SESSION_ID=543
HOSTNAME=superdome2
XLOCALEDIR=/usr/cad/synopsys/icc2/2020.09-sp3/etc/locale
UNAME=/bin/uname
SELINUX_ROLE_REQUESTED=
SNPS_VCS_PYTHON3=/usr/cad/synopsys/vcs/cur/linux64/bin/Python-3.6.1/bin/python3
SCRNAME=vcs
VCS_DEPTH=0
SHELL=/bin/tcsh
TERM=xterm
HOST=superdome2
MAKEFLAGS=FSDB=2
SSH_CLIENT=140.116.49.120 49816 22
SELINUX_USE_CURRENT_RANGE=
CDS_LOAD_ENV=CSF
VCS_PYTHON3=/usr/cad/synopsys/vcs/cur/linux64/bin/Python-3.6.1/bin/python3
MGC_LOCATION_MAP=NO_MAP
HSP_GCC_VERSION=7.3.0
QTDIR=/usr/lib64/qt-3.3
QTINC=/usr/lib64/qt-3.3/include
SSH_TTY=/dev/pts/15
LC_ALL=C
SNPS_VCS_INTERNAL_ROOT_PID=73979
QT_GRAPHICSSYSTEM_CHECKED=1
SPAPI_AHDL_INCLUDE=/usr/cad/synopsys/hspice/2020.03-sp2-2/hspice/include
MAKEOVERRIDES=${-*-command-variables-*-}
USER=avsd2541
HSP_HOME=/usr/cad/synopsys/hspice/2020.03-sp2-2/hspice
GROUP=lphp
LS_COLORS=no=00:fi=00:di=00;34;01:ln=00;36:pi=40;33:so=00;35:bd=40;33;01:cd=40;33;01:or=01;05;37;41:mi=01;05;37;41:ex=00;32:*.cmd=00;32:*.exe=00;32:*.com=00;32:*.btm=00;32:*.bat=00;32:*.sh=00;32:*.csh=00;32:*.tar=00;31:*.tgz=00;31:*.arj=00;31:*.taz=00;31:*.lzh=00;31:*.zip=00;31:*.z=00;31:*.Z=00;31:*.gz=00;31:*.bz2=00;31:*.bz=00;31:*.tz=00;31:*.rpm=00;31:*.cpio=00;31:*.jpg=00;35:*.gif=00;35:*.bmp=00;35:*.xbm=00;35:*.xpm=00;35:*.png=00;35:*.tif=00;35:
LD_LIBRARY_PATH=/usr/cad/synopsys/vcs/cur/lib:/usr/cad/synopsys/vcs/cur/linux64/lib:/usr/lib:/usr/lib64:/lib:/lib64:::/usr/cad/cadence/SPECTRE/SPECTRE_23.10.477/tools/lib/64bit:/usr/cad/cadence/SPECTRE/SPECTRE_23.10.477/tools/lib::/usr/cad/cadence/IC/IC51.41.151/tools/lib:/usr/cad/cadence/IC/IC51.41.151/tools/lib/64bit::/usr/cad/cadence/XCELIUM/XCELIUM_20.09.007//tools/lib/64bit:/usr/cad/cadence/XCELIUM/XCELIUM_20.09.007//tools/lib64:/usr/cad/cadence/XCELIUM/XCELIUM_20.09.007//tools/lib::/usr/cad/cadence/INNOVUS/INNOVUS_21.19.000/tools/lib/64bit:/usr/cad/cadence/INNOVUS/INNOVUS_21.19.000/tools/lib64:/usr/cad/cadence/INNOVUS/INNOVUS_21.19.000/tools/lib::/usr/cad/cadence/SSV/SSV_21.12.000//tools/lib/64bit:/usr/cad/cadence/SSV/SSV_21.12.000//tools/lib64:/usr/cad/cadence/SSV/SSV_21.12.000//tools/lib:::/usr/cad/synopsys/verdi/cur/share/PLI/IUS/LINUX64:/usr/cad/synopsys/verdi/cur/share/PLI/VCS/LINUX64:/usr/cad/synopsys/verdi/cur/share/PLI/MODELSIM/LINUX64:/usr/cad/synopsys/verdi/cur/etc/lib/libstdc++/LINUX64/:/usr/cad/synopsys/verdi/cur/share/PLI/VCS/LINUX64/:::/usr/cad/synopsys/star-rcxt/2023.12-sp2//linux64_starrc/lib/::::/usr/cad/synopsys/customcompiler/2020.12-sp1-2//linux64/lib::::::/usr/cad/synopsys/milkyway/2022.12-sp6//lib/linux64/:
SCRIPT_NAME=vcs
VCS_MX_HOME_INTERNAL=1
installdir=/usr/cad/synopsys/hspice/2020.03-sp2-2/hspice
HOSTTYPE=x86_64-linux
SNPS_VCS_CLANG_PATH=/usr/cad/synopsys/vcs/cur/linux64/clang
FSDB=2
MAKELEVEL=1
CMIARCH=RH_64
OVA_UUM=0
MFLAGS=
VCS_MODE_FLAG=64
SYNOPSYS_NCX_ROOT=/usr/cad/synopsys/star-rcxt/2023.12-sp2/
VC_STATIC_HOME=/usr/cad/synopsys/vc_formal/cur/
PATH=.:/usr/local/sbin:/usr/local/bin:/usr/sbin:/usr/bin:/sbin:/bin:/opt/RISCV/bin:/usr/cad/mentor/calibre/aoi_cal_2019.2_26.18//bin:/usr/cad/cadence/JASPER/jasper_2018.03p001/bin:/usr/cad/cadence/SPECTRE/SPECTRE_23.10.477/tools/bin/64bit:/usr/cad/cadence/SPECTRE/SPECTRE_23.10.477/tools/dfII/bin/64bit:/usr/cad/cadence/SPECTRE/SPECTRE_23.10.477/tools/bin:/usr/cad/cadence/SPECTRE/SPECTRE_23.10.477/tools/dfII/bin:/usr/cad/cadence/IC/IC51.41.151/tools/bin:/usr/cad/cadence/IC/IC51.41.151/tools/dracula/bin:/usr/cad/cadence/IC/IC51.41.151/tools/dfII/bin:/usr/cad/cadence/IC/IC51.41.151/tools/bin/64bit:/usr/cad/cadence/IC/IC51.41.151/tools/dracula/bin/64bit:/usr/cad/cadence/IC/IC51.41.151/tools/dfII/bin/64bit:/usr/cad/cadence/XCELIUM/XCELIUM_20.09.007//tools/bin/64bit:/usr/cad/cadence/XCELIUM/XCELIUM_20.09.007//tools/bin:/usr/cad/cadence/INNOVUS/INNOVUS_21.19.000/tools/bin/64bit:/usr/cad/cadence/INNOVUS/INNOVUS_21.19.000/tools/bin:/usr/cad/cadence/SSV/SSV_21.12.000//tools/bin/64bit:/usr/cad/cadence/SSV/SSV_21.12.000//tools/bin:/usr/cad/synopsys/vcs/cur/bin:/usr/cad/synopsys/vcs/cur/amd64/bin:/usr/cad/synopsys/vcs/cur/amd64/util:/usr/cad/synopsys/vcs/cur/amd64/flexlm:/usr/cad/synopsys/spyglass/2023.03//SPYGLASS_HOME/bin:/usr/cad/synopsys/verdi/cur/bin:/usr/cad/synopsys/verdi/cur/nLint/bin:/usr/cad/synopsys/primetime/2019.03-sp5-1//amd64/syn/bin:/usr/cad/synopsys/icvalidator/2021.06-sp2/bin/LINUX64_L31el:/usr/cad/synopsys/icvalidator/2021.06-sp2/bin:/usr/cad/synopsys/star-rcxt/2023.12-sp2//bin:/usr/cad/synopsys/laker/2024.12//bin:/usr/cad/synopsys/customexplorer/cur/bin:/usr/cad/synopsys/hspice/2020.03-sp2-2/hspice/bin:/usr/cad/synopsys/hspice/2020.03-sp2-2/hspice/GNU/linux64/gcc/bin:/usr/cad/synopsys/hspice/2020.03-sp2-2/hspice/linux64:/usr/bin:/usr/ucb/bin:/usr/cad/synopsys/hspice/2020.03-sp2-2//hspice/bin:/usr/cad/synopsys/customcompiler/2020.12-sp1-2//bin:/usr/cad/synopsys/customcompiler/2020.12-sp1-2//primewave/bin:/usr/bin/X11:/usr/cad/synopsys/coreConsultant/cur/bin:/usr/cad/synopsys/synthesis/cur/amd64/syn/bin:/usr/cad/synopsys/lc/cur/bin:/usr/cad/synopsys/lc/2021.06-sp1//bin:/usr/cad/synopsys/vc_formal/cur/bin:/usr/cad/synopsys/euclide/2023.03-sp2//bin:/usr/cad/synopsys/icc2/2020.09-sp3/bin:/usr/cad/synopsys/icc/2022.12-sp6//amd64/syn/bin:/usr/cad/synopsys/milkyway/2022.12-sp6//bin/linux64:/usr/lib64/qt-3.3/bin:/usr/local/bin:/usr/bin:/usr/local/sbin:/usr/sbin
MAIL=/var/spool/mail/avsd2541
SNPS_VCS_INTERNAL_CURR_PID=73979
CALIBRE_HOME=/usr/cad/mentor/calibre/aoi_cal_2019.2_26.18/
VERDI_HOME=/usr/cad/synopsys/verdi/cur
PWD=/home/user1/avsd25/avsd2541/AVSD_Homework/Homework1/N26132047/build
VCS_HOME=/usr/cad/synopsys/vcs/cur
SNPS_VCS_INTERNAL_MEMPRELOAD_USE_LIBC=1
SNPS_INTERNAL_VCS_LINUX_OS=linux
LANG=en_US.utf8
Laker_TCL_ToolBox=1
KDEDIRS=/usr
SYNTHESIS=/usr/cad/synopsys/synthesis/cur
VMR_MODE_FLAG=64
SELINUX_LEVEL_REQUESTED=
CDSHOME=/usr/cad/cadence/IC/IC51.41.151
LM_LICENSE_FILE=5280@vlsicad8:1717@lstn:1717@lstc:1717@lshc:5280@lstn:5280@lstc:5280@lshc:26585@lstn:26585@lstc:26585@lshc:
SYNOPSYS=/usr/cad/synopsys/synthesis/cur/
CDS_Netlisting_Mode=Analog
VCS_ARG_ADDED_FOR_TMP=1
SNPS_VCS_TMPDIR=/tmp/vcs_20250930122458_73979
HOME=/home/user1/avsd25/avsd2541
SHLVL=3
HSP_GCC=/usr/cad/synopsys/hspice/2020.03-sp2-2/hspice/GNU/linux64/gcc/bin/gcc -m64 
OSTYPE=linux
MGC_HOME=/usr/cad/mentor/calibre/aoi_cal_2019.2_26.18/
Laker_TCL_L3=1
SYNOPSYS_SYSTYPE=LINUX64_L31el
CDS_AUTO_64BIT=ALL
ICV_HOME_DIR=/usr/cad/synopsys/icvalidator/2021.06-sp2
EUCLIDE_HOME=/usr/cad/synopsys/euclide/2023.03-sp2/
SNPS_64=1
VCS_COM=/usr/cad/synopsys/vcs/cur/linux64/bin/vcs1
VENDOR=unknown
MGC_TMPDIR=/tmp
HSP_SIGMA_AMP=/usr/cad/synopsys/hspice/2020.03-sp2-2/hspice/linux64/python/Omega/Omega
SNPS_PLATFORM=linux64
MACHTYPE=x86_64
LOGNAME=avsd2541
SNPS_VCS_INTERNAL_MAKE=make
QTLIB=/usr/lib64/qt-3.3/lib
SNPS_VCS_INTERNAL_ROOT_START_TIME=1759235098.065339309
SSH_CONNECTION=140.116.49.120 49816 192.168.200.12 22
mraarch=linux_64
LESSOPEN=||/usr/bin/lesspipe.sh %s
SHLIB_PATH=/usr/cad/synopsys/verdi/cur/etc/lib/libstdc++/LINUX64/:
sysc_uni_pwd=/home/user1/avsd25/avsd2541/AVSD_Homework/Homework1/N26132047/build
CDPL_HOME=/usr/cad/synopsys/hspice/2020.03-sp2-2/hspice/cdpl
XDG_RUNTIME_DIR=/run/user/4864
DISPLAY=localhost:24.0
VCS_ARCH=linux64
QT_PLUGIN_PATH=/usr/lib64/kde4/plugins:/usr/lib/kde4/plugins
SYN_MAN_DIR=/usr/cad/synopsys/star-rcxt/2023.12-sp2//starrc/man
TOOL_HOME=/usr/cad/synopsys/vcs/cur/linux64
_=./simv
OLDPWD=/home/user1/avsd25/avsd2541/AVSD_Homework/Homework1/N26132047/build/simv.daidir/debug_dump/fsearch
VCS_PATHMAP_PRELOAD_DONE=1
VCS_EXEC_DONE=1
DVE=/usr/cad/synopsys/vcs/cur/gui/dve
SPECMAN_OUTPUT_TO_TTY=1
FLEXLM_BORROWFILE=/home/user1/avsd25/avsd2541/.superdome2-borrow.txt
Runtime command line arguments:
argv[0]=simv
argv[1]=+define+prog1+FSDB_ALL
argv[2]=+prog_path=/home/user1/avsd25/avsd2541/AVSD_Homework/Homework1/N26132047/./sim/prog1
argv[3]=+notimingcheck
264 profile - 100
          CPU/Mem usage: 0.040 sys,  0.190 user,  288.57M mem
265 Elapsed time:    0:00:01    Tue Sep 30 20:25:01 2025
266 User CPU time used: 0 seconds
267 System CPU time used: 0 seconds
268 pliAppInit
269 [SC]Init: MemoryConsumed=0.00MB ElapsedTime=0hour 0min. 0sec.
270 FSDB_GATE is set.
271 FSDB_RTL is set.
272 FSDB_ALIAS_ARRAY_ELEM is set to 4294967295.
273 Enable Parallel Dumping.
274 pliAppMiscSet: New Sim Round
275 pliEntryInit
276 LIBSSCORE=found /usr/cad/synopsys/verdi/cur/share/PLI/lib/LINUXAMD64/libsscore_vcs202303.so through $NOVAS_HOME setting.
277 FSDB Dumper for VCS, Release Verdi_U-2023.03-SP2, Linux x86_64/64bit, 08/28/2023
278 (C) 1996 - 2023 by Synopsys, Inc.
279 ***********************************************************************
280 *  ERROR -                                                            *
281 *  The simulator version is newer than the FSDB dumper version which  *
282 *  may cause abnormal behavior, please contact Synopsys support for   *
283 *  assistance.                                                        *
284 ***********************************************************************
285 sps_call_fsdbDumpfile_main at 0 : /home/user1/avsd25/avsd2541/AVSD_Homework/Homework1/N26132047/./sim/top_tb.sv(119)
286 argv[0]: (top.fsdb)
287 *Verdi* FSDB WARNING: The FSDB file already exists. Overwriting the FSDB file may crash the programs that are using this file.
288 *Verdi* : Create FSDB file 'top.fsdb'
289 [spi_vcs_vd_ppi_create_root]: no upf option
290 compile option from '/home/user1/avsd25/avsd2541/AVSD_Homework/Homework1/N26132047/build/simv.daidir/vcs_rebuild'.
291   "vcs '-R' '-sverilog' '/home/user1/avsd25/avsd2541/AVSD_Homework/Homework1/N26132047/./sim/top_tb.sv' '-debug_access+all' '-full64' '+incdir+/home/user1/avsd25/avsd2541/AVSD_Homework/Homework1/N26132047/./src+/home/user1/avsd25/avsd2541/AVSD_Homework/Homework1/N26132047/./src/AXI+/home/user1/avsd25/avsd2541/AVSD_Homework/Homework1/N26132047/./include+/home/user1/avsd25/avsd2541/AVSD_Homework/Homework1/N26132047/./sim' '+define+prog1+FSDB_ALL' '+prog_path=/home/user1/avsd25/avsd2541/AVSD_Homework/Homework1/N26132047/./sim/prog1' '+notimingcheck' 2>&1"
292 DVDI_is_vir_unload_enabled is enable
293 FSDB_VCS_ENABLE_NATIVE_VC is enable
294 sps_call_fsdbDumpvars_vd_main at 0 : /home/user1/avsd25/avsd2541/AVSD_Homework/Homework1/N26132047/./sim/top_tb.sv(120)
295 argv[0]: (+struct)
296 argv[1]: (+mda)
297 argv[2]: (handle) top_tb.TOP
298 *Verdi* : Begin traversing the scope (top_tb.TOP), layer (0).
299 *Verdi* : Enable +struct and +mda dumping.
300 *Verdi* : End of traversing.
301 pliAppHDL_DumpVarComplete traverse var: profile - 
          CPU/Mem usage: 0.070 sys,  0.200 user,  389.29M mem
                   incr: 0.000 sys,  0.000 user,  7.36M mem
                   accu: 0.000 sys,  0.000 user,  7.36M mem
              accu incr: 0.000 sys,  0.000 user,  7.36M mem

          Count usage: 436 var,  432 idcode,  63 callback
                 incr: 436 var,  432 idcode,  63 callback
                 accu: 436 var,  432 idcode,  63 callback
            accu incr: 436 var,  432 idcode,  63 callback
302 Elapsed time:    0:00:01    Tue Sep 30 20:25:01 2025
303 User CPU time used: 0 seconds
304 System CPU time used: 0 seconds
305 pliAppHDL_DumpVarComplete: profile - 
          CPU/Mem usage: 0.070 sys,  0.200 user,  390.34M mem
                   incr: 0.000 sys,  0.000 user,  1.05M mem
                   accu: 0.000 sys,  0.000 user,  8.41M mem
              accu incr: 0.000 sys,  0.000 user,  1.05M mem

          Count usage: 436 var,  432 idcode,  63 callback
                 incr: 0 var,  0 idcode,  0 callback
                 accu: 436 var,  432 idcode,  63 callback
            accu incr: 0 var,  0 idcode,  0 callback
306 Elapsed time:    0:00:01    Tue Sep 30 20:25:01 2025
307 User CPU time used: 0 seconds
308 System CPU time used: 0 seconds
309 End of simulation at 6695500
310 Memory usage: 467.960 M
311 Maximum resident set size: 165 MB
312 Hard page faults: 2
313 Soft page faults: 28783
314 Elapsed time:    0:00:01    Tue Sep 30 20:25:01 2025
315 User CPU time used: 0 seconds
316 System CPU time used: 0 seconds
317 Begin FSDB profile info:
318 FSDB Writer : bc1(17861) bcn(216379) mtf/stf(0/0)
FSDB Writer elapsed time : flush(0.027564) io wait(0.000000) theadpool wait(0.000000)
FSDB Writer cpu time : MT Compression : 0
319 End FSDB profile info
320 FSDB closed. Name: top.fsdb Size: 49161
321 Parallel profile     - ProducerThread:1 ConsumerThread:1 Buffer:64MB
322                      - BlockUsed:4 Acquire:0 BufferUsed:4544948
323                      - Flush:3 Expand:0 ProducerWait:0 ConsumerWait:2
324                      - MainProducerTime:0.433314294 TotalConsumerTime:0.017589008
325                      - ElapsedTime:0.232655000
326 Producer   0 profile - BlockUsed:4 Acquire:0 BufferUsed:4544948
327 Consumer   0 profile - Affinity:-1 CPUTime:0.017589008 LifeTime:0.068180830 (0.26%)
328                      - BlockUsed:4 Acquire:0 BufferUsed:4544948
329 SimExit
330 Elapsed time:    0:00:01    Tue Sep 30 20:25:01 2025
331 User CPU time used: 0 seconds
332 System CPU time used: 0 seconds
333 Sim process exit
