#----------------------------------------
# JasperGold Version Info
# tool      : JasperGold 2018.03
# platform  : Linux 3.10.0-1160.el7.x86_64
# version   : 2018.03p001 64 bits
# build date: 2018.04.24 18:13:05 PDT
#----------------------------------------
# started Thu Oct 02 19:01:24 CST 2025
# hostname  : superdome2
# pid       : 18168
# arguments : '-label' 'session_0' '-console' 'superdome2:44853' '-style' 'windows' '-data' 'AQAAADx/////AAAAAAAAA3oBAAAAEABMAE0AUgBFAE0ATwBWAEU=' '-proj' '/home/user1/avsd25/avsd2541/AVSD_Homework/Homework1/N26132047/build/jgproject/sessionLogs/session_0' '-init' '-hidden' '/home/user1/avsd25/avsd2541/AVSD_Homework/Homework1/N26132047/build/jgproject/.tmp/.initCmds.tcl' '../script/superlint.tcl'

Any disclosure about the Cadence Design Systems software or its use
model to any third party violates the written Non-Disclosure Agreement
between Cadence Design Systems, Inc. and the customer.

THIS SOFTWARE CONTAINS CONFIDENTIAL INFORMATION AND TRADE SECRETS OF
CADENCE DESIGN SYSTEMS, INC. USE, DISCLOSURE, OR REPRODUCTION IS
PROHIBITED WITHOUT THE PRIOR EXPRESS WRITTEN PERMISSION OF CADENCE
DESIGN SYSTEMS, INC.

Copyright (C) 2000-2018 Cadence Design Systems, Inc. All Rights
Reserved.  Unpublished -- rights reserved under the copyright laws of
the United States.

This product includes software developed by others and redistributed
according to license agreement. See doc/third_party_readme.txt for
further details.

RESTRICTED RIGHTS LEGEND

Use, duplication, or disclosure by the Government is subject to
restrictions as set forth in subparagraph (c) (1) (ii) of the Rights in
Technical Data and Computer Software clause at DFARS 252.227-7013 or
subparagraphs (c) (1) and (2) of Commercial Computer Software -- Restricted
Rights at 48 CFR 52.227-19, as applicable.


                          Cadence Design Systems, Inc. 
                          2655 Seely Avenue
                          San Jose, CA 95134
                          Phone: 408.943.1234

For technical assistance visit http://support.cadence.com.

JasperGold Apps Analysis Session - /home/user1/avsd25/avsd2541/AVSD_Homework/Homework1/N26132047/build/jgproject/sessionLogs/session_0

INFO: successfully checked out licenses "jasper_interactive" and "jasper_dao".
INFO: reading configuration file "/home/user1/avsd25/avsd2541/.config/jasper/jaspergold.conf".
% check_superlint -init
% clear -all
INFO (IPF121): Cleared environment completely for new design analysis.
% 
% # Config rules
% config_rtlds -rule -enable -domain { LINT }
% config_rtlds -rule -disable -tag { CAS_IS_DFRC SIG_IS_DLCK SIG_NO_TGFL SIG_NO_TGRS SIG_NO_TGST FSM_NO_MTRN FSM_NO_TRRN }
% # avsd2025_constraint //
% config_rtlds -rule  -disable -category { NAMING AUTO_FORMAL_DEAD_CODE AUTO_FORMAL_SIGNALS AUTO_FORMAL_ARITHMETIC_OVERFLOW }
% config_rtlds -rule  -disable -tag { IDN_NR_SVKY ARY_MS_DRNG IDN_NR_AMKY IDN_NR_CKYW IDN_NR_SVKW ARY_NR_LBND VAR_NR_INDL INS_NR_PTEX INP_NO_USED OTP_NR_ASYA FLP_NR_MXCS OTP_UC_INST OTP_NR_UDRV REG_NR_TRRC INS_NR_INPR MOD_NS_GLGC } 
% config_rtlds -rule  -disable -tag { REG_NR_RWRC  }
% config_rtlds -rule  -disable -tag { BUS_IS_FLOT ASG_IS_XRCH }
% #config_rtlds -rule  -reset -sync
% # avsd2025_constraint //
% 
% analyze -sv \
    +incdir+../include \
    +incdir+../src \
    ../src/top.sv
[-- (VERI-1482)] Analyzing Verilog file '/usr/cad/cadence/JASPER/jasper_2018.03p001/lib/verilog/packages/std/std.sv' into library 'std'
[-- (VERI-1482)] Analyzing Verilog file '../src/top.sv'
[INFO (VERI-1328)] ../src/top.sv(20): analyzing included file '../src/CPU.sv'
[INFO (VERI-1328)] ../src/CPU.sv(1): analyzing included file '../src/instruction_pkg.sv'
[INFO (VERI-1328)] ../src/CPU.sv(2): analyzing included file '../src/Controller.sv'
[INFO (VERI-1328)] ../src/CPU.sv(3): analyzing included file '../src/CSR_Unit.sv'
[INFO (VERI-1328)] ../src/CPU.sv(4): analyzing included file '../src/Decoder.sv'
[INFO (VERI-1328)] ../src/CPU.sv(5): analyzing included file '../src/Imm_Extension.sv'
[INFO (VERI-1328)] ../src/CPU.sv(6): analyzing included file '../src/JB_target_gen.sv'
[INFO (VERI-1328)] ../src/CPU.sv(7): analyzing included file '../src/LD_Filter.sv'
[INFO (VERI-1328)] ../src/CPU.sv(8): analyzing included file '../src/MUL.sv'
[INFO (VERI-1328)] ../src/CPU.sv(9): analyzing included file '../src/Mux2to1.sv'
[INFO (VERI-1328)] ../src/CPU.sv(10): analyzing included file '../src/Mux3to1.sv'
[INFO (VERI-1328)] ../src/CPU.sv(11): analyzing included file '../src/Mux8to1.sv'
[INFO (VERI-1328)] ../src/CPU.sv(12): analyzing included file '../src/Program_Counter_reg.sv'
[INFO (VERI-1328)] ../src/CPU.sv(13): analyzing included file '../src/Register_File.sv'
[INFO (VERI-1328)] ../src/CPU.sv(14): analyzing included file '../src/ALU.sv'
[INFO (VERI-1328)] ../src/ALU.sv(1): analyzing included file '../src/FP_calculator.sv'
[INFO (VERI-1328)] ../src/CPU.sv(15): analyzing included file '../src/IF_ID_reg.sv'
[INFO (VERI-1328)] ../src/CPU.sv(16): analyzing included file '../src/ID_EX_reg.sv'
[INFO (VERI-1328)] ../src/CPU.sv(17): analyzing included file '../src/EX_MEM_reg.sv'
[INFO (VERI-1328)] ../src/CPU.sv(18): analyzing included file '../src/MEM_WB_reg.sv'
[INFO (VERI-1328)] ../src/CPU.sv(19): analyzing included file '../src/BTB.sv'
[INFO (VERI-1328)] ../src/CPU.sv(20): analyzing included file '../src/BHR_PHT.sv'
[INFO (VERI-1328)] ../src/top.sv(21): analyzing included file '../src/SRAM_wrapper.sv'
% 
% elaborate -bbox true -top top
INFO (ISW003): Top module name is "top".
[INFO (VERI-1018)] ../src/top.sv(23): compiling module 'top'
[INFO (VERI-1018)] ../src/CPU.sv(22): compiling module 'CPU'
[INFO (VERI-1018)] ../src/Controller.sv(1): compiling module 'Controller'
[INFO (VERI-1018)] ../src/Mux8to1.sv(1): compiling module 'Mux8to1'
[INFO (VERI-1018)] ../src/BTB.sv(2): compiling module 'BTB'
[WARN (VERI-1209)] ../src/BTB.sv(53): expression size 32 truncated to fit in target size 16
[INFO (VERI-1018)] ../src/BHR_PHT.sv(2): compiling module 'BHR_PHT'
[WARN (VERI-1209)] ../src/BHR_PHT.sv(35): expression size 32 truncated to fit in target size 2
[WARN (VERI-1209)] ../src/BHR_PHT.sv(37): expression size 32 truncated to fit in target size 2
[INFO (VERI-1018)] ../src/Program_Counter_reg.sv(1): compiling module 'Program_Counter_reg'
[INFO (VERI-1018)] ../src/IF_ID_reg.sv(1): compiling module 'IF_ID_reg'
[INFO (VERI-1018)] ../src/Decoder.sv(1): compiling module 'Decoder'
[INFO (VERI-1018)] ../src/Imm_Extension.sv(1): compiling module 'Imm_Extension'
[INFO (VERI-1018)] ../src/Register_File.sv(1): compiling module 'Register_File'
[INFO (VERI-1018)] ../src/Mux3to1.sv(1): compiling module 'Mux3to1'
[INFO (VERI-1018)] ../src/ID_EX_reg.sv(1): compiling module 'ID_EX_reg'
[INFO (VERI-1018)] ../src/Mux2to1.sv(1): compiling module 'Mux2to1'
[INFO (VERI-1018)] ../src/JB_target_gen.sv(1): compiling module 'JB_target_gen'
[INFO (VERI-1018)] ../src/ALU.sv(2): compiling module 'ALU'
[INFO (VERI-1018)] ../src/FP_calculator.sv(1): compiling module 'FP_calculator'
[WARN (VERI-1209)] ../src/FP_calculator.sv(105): expression size 32 truncated to fit in target size 8
[WARN (VERI-1209)] ../src/FP_calculator.sv(108): expression size 32 truncated to fit in target size 8
[WARN (VERI-1209)] ../src/FP_calculator.sv(111): expression size 32 truncated to fit in target size 8
[WARN (VERI-1209)] ../src/FP_calculator.sv(114): expression size 32 truncated to fit in target size 8
[WARN (VERI-1209)] ../src/FP_calculator.sv(118): expression size 32 truncated to fit in target size 8
[WARN (VERI-1209)] ../src/FP_calculator.sv(127): expression size 32 truncated to fit in target size 8
[WARN (VERI-1209)] ../src/FP_calculator.sv(154): expression size 32 truncated to fit in target size 8
[INFO (VERI-1018)] ../src/MUL.sv(1): compiling module 'MUL'
[INFO (VERI-1018)] ../src/EX_MEM_reg.sv(1): compiling module 'EX_MEM_reg'
[INFO (VERI-1018)] ../src/MEM_WB_reg.sv(1): compiling module 'MEM_WB_reg'
[INFO (VERI-1018)] ../src/CSR_Unit.sv(1): compiling module 'CSR_Unit'
[INFO (VERI-1018)] ../src/LD_Filter.sv(1): compiling module 'LD_Filter'
[INFO (VERI-1018)] ../src/SRAM_wrapper.sv(1): compiling module 'SRAM_wrapper'
[WARN (VERI-9026)] ../src/SRAM_wrapper.sv(26): TS1N16ADFPCLLLVTA512X45M4SWSHOD is undefined, instance i_SRAM will be black boxed
WARNING (WNL018): ../src/MUL.sv(37): multiply mult_33s_33s (size 66) automatically black boxed.
    Use the "elaborate -bbox_mul" command to prevent automatic black-boxing.
WARNING (WNL008): Module "TS1N16ADFPCLLLVTA512X45M4SWSHOD" is undefined. All instances will be black boxed.
top
[<embedded>] % 
[<embedded>] % # Setup clock and reset
[<embedded>] % clock clk
[<embedded>] % reset rst
INFO (IPM031): Clearing proof results of all properties.
INFO (IRS006): Current reset condition is "rst".
[<embedded>] % 
[<embedded>] % # Setup for CTL check
[<embedded>] % set_superlint_fsm_ctl_livelock true
WARNING (WG002): "superlint_fsm_ctl_livelock" is included as an initial release to gather feedback from early adopters and finalize implementation for an upcoming release.
[<embedded>] % set_superlint_fsm_ctl_deadlock true
WARNING (WG002): "superlint_fsm_ctl_deadlock" is included as an initial release to gather feedback from early adopters and finalize implementation for an upcoming release.
[<embedded>] % 
[<embedded>] % # Extract checks
[<embedded>] % check_superlint -extract
INFO (ISL009): Started detection of ARY_IS_OOBI, CAS_NO_PRIO checks
INFO (ISL009): Started detection of BUS_IS_CONT checks
INFO (ISL014): Started extracting properties for ARY_IS_OOBI,CAS_NO_PRIO checks
INFO (ISL015): Extracted 1 properties of ARY_IS_OOBI,CAS_NO_PRIO
INFO (ISL014): Started extracting properties for BUS_IS_CONT checks
INFO (ISL015): Extracted 0 properties of BUS_IS_CONT
INFO (ISL018): Started extraction of structural checks
INFO (ISL016): Extracted 32 STRUCTURAL checks.
INFO (ISL016): Extracted 18 BASIC LINT checks.
51
[<embedded>] % 
[<embedded>] % # Prove
[<embedded>] % set_superlint_prove_parallel_tasks on
[<embedded>] % set_prove_no_traces true
INFO (IPL005): Received request to exit from the console.
INFO: Waiting for proof threads to stop...
INFO: Proof threads stopped.
